2016-05-25 06:16:11 [::1][-][6cls645obaagsc9s26vae0n4q7][error][yii\db\Exception] exception 'PDOException' with message 'SQLSTATE[HY000] [1049] Unknown database 'advanced'' in /Library/WebServer/Documents/advanced/vendor/yiisoft/yii2/db/Connection.php:600
Stack trace:
#0 /Library/WebServer/Documents/advanced/vendor/yiisoft/yii2/db/Connection.php(600): PDO->__construct('mysql:host=127....', 'root', 'guilin920513', NULL)
#1 /Library/WebServer/Documents/advanced/vendor/yiisoft/yii2/db/Connection.php(542): yii\db\Connection->createPdoInstance()
#2 /Library/WebServer/Documents/advanced/vendor/yiisoft/yii2/db/Connection.php(858): yii\db\Connection->open()
#3 /Library/WebServer/Documents/advanced/vendor/yiisoft/yii2/db/Connection.php(845): yii\db\Connection->getMasterPdo()
#4 /Library/WebServer/Documents/advanced/vendor/yiisoft/yii2/db/Schema.php(477): yii\db\Connection->getSlavePdo()
#5 /Library/WebServer/Documents/advanced/vendor/yiisoft/yii2/db/Connection.php(754): yii\db\Schema->quoteValue('<span class="st...')
#6 /Library/WebServer/Documents/advanced/vendor/yiisoft/yii2/db/Command.php(175): yii\db\Connection->quoteValue('<span class="st...')
#7 /Library/WebServer/Documents/advanced/vendor/yiisoft/yii2/db/Command.php(809): yii\db\Command->getRawSql()
#8 /Library/WebServer/Documents/advanced/vendor/yiisoft/yii2/db/Command.php(376): yii\db\Command->queryInternal('<span class="st...', '<span class="ke...')
#9 /Library/WebServer/Documents/advanced/vendor/yiisoft/yii2/db/Query.php(247): yii\db\Command->queryOne()
#10 /Library/WebServer/Documents/advanced/vendor/yiisoft/yii2/db/ActiveQuery.php(290): yii\db\Query->one('<span class="ke...')
#11 /Library/WebServer/Documents/advanced/vendor/yiisoft/yii2/db/BaseActiveRecord.php(102): yii\db\ActiveQuery->one()
#12 /Library/WebServer/Documents/advanced/common/models/User.php(82): yii\db\BaseActiveRecord::findOne('[<span class="s...')
#13 /Library/WebServer/Documents/advanced/common/models/LoginForm.php(73): common\models\User::findByUsername('<span class="st...')
#14 /Library/WebServer/Documents/advanced/common/models/LoginForm.php(44): common\models\LoginForm->getUser()
#15 [internal function]: common\models\LoginForm->validatePassword('<span class="st...', '<span class="ke...')
#16 /Library/WebServer/Documents/advanced/vendor/yiisoft/yii2/validators/InlineValidator.php(69): call_user_func('[<span class="t...', '<span class="st...', '<span class="ke...')
#17 /Library/WebServer/Documents/advanced/vendor/yiisoft/yii2/validators/Validator.php(243): yii\validators\InlineValidator->validateAttribute(Object(common\models\LoginForm), '<span class="st...')
#18 /Library/WebServer/Documents/advanced/vendor/yiisoft/yii2/base/Model.php(356): yii\validators\Validator->validateAttributes(Object(common\models\LoginForm), '[<span class="s...')
#19 /Library/WebServer/Documents/advanced/common/models/LoginForm.php(58): yii\base\Model->validate()
#20 /Library/WebServer/Documents/advanced/backend/controllers/SiteController.php(68): common\models\LoginForm->login()
#21 [internal function]: backend\controllers\SiteController->actionLogin()
#22 /Library/WebServer/Documents/advanced/vendor/yiisoft/yii2/base/InlineAction.php(55): call_user_func_array('[<span class="t...', '[]')
#23 /Library/WebServer/Documents/advanced/vendor/yiisoft/yii2/base/Controller.php(154): yii\base\InlineAction->runWithParams('[<span class="s...')
#24 /Library/WebServer/Documents/advanced/vendor/yiisoft/yii2/base/Module.php(454): yii\base\Controller->runAction('<span class="st...', '[<span class="s...')
#25 /Library/WebServer/Documents/advanced/vendor/yiisoft/yii2/web/Application.php(84): yii\base\Module->runAction('<span class="st...', '[<span class="s...')
#26 /Library/WebServer/Documents/advanced/vendor/yiisoft/yii2/base/Application.php(375): yii\web\Application->handleRequest(Object(yii\web\Request))
#27 /Library/WebServer/Documents/advanced/backend/web/index.php(18): yii\base\Application->run()
#28 {main}

Next exception 'yii\db\Exception' with message 'SQLSTATE[HY000] [1049] Unknown database 'advanced'' in /Library/WebServer/Documents/advanced/vendor/yiisoft/yii2/db/Connection.php:547
Stack trace:
#0 /Library/WebServer/Documents/advanced/vendor/yiisoft/yii2/db/Connection.php(858): yii\db\Connection->open()
#1 /Library/WebServer/Documents/advanced/vendor/yiisoft/yii2/db/Connection.php(845): yii\db\Connection->getMasterPdo()
#2 /Library/WebServer/Documents/advanced/vendor/yiisoft/yii2/db/Schema.php(477): yii\db\Connection->getSlavePdo()
#3 /Library/WebServer/Documents/advanced/vendor/yiisoft/yii2/db/Connection.php(754): yii\db\Schema->quoteValue('<span class="st...')
#4 /Library/WebServer/Documents/advanced/vendor/yiisoft/yii2/db/Command.php(175): yii\db\Connection->quoteValue('<span class="st...')
#5 /Library/WebServer/Documents/advanced/vendor/yiisoft/yii2/db/Command.php(809): yii\db\Command->getRawSql()
#6 /Library/WebServer/Documents/advanced/vendor/yiisoft/yii2/db/Command.php(376): yii\db\Command->queryInternal('<span class="st...', '<span class="ke...')
#7 /Library/WebServer/Documents/advanced/vendor/yiisoft/yii2/db/Query.php(247): yii\db\Command->queryOne()
#8 /Library/WebServer/Documents/advanced/vendor/yiisoft/yii2/db/ActiveQuery.php(290): yii\db\Query->one('<span class="ke...')
#9 /Library/WebServer/Documents/advanced/vendor/yiisoft/yii2/db/BaseActiveRecord.php(102): yii\db\ActiveQuery->one()
#10 /Library/WebServer/Documents/advanced/common/models/User.php(82): yii\db\BaseActiveRecord::findOne('[<span class="s...')
#11 /Library/WebServer/Documents/advanced/common/models/LoginForm.php(73): common\models\User::findByUsername('<span class="st...')
#12 /Library/WebServer/Documents/advanced/common/models/LoginForm.php(44): common\models\LoginForm->getUser()
#13 [internal function]: common\models\LoginForm->validatePassword('<span class="st...', '<span class="ke...')
#14 /Library/WebServer/Documents/advanced/vendor/yiisoft/yii2/validators/InlineValidator.php(69): call_user_func('[<span class="t...', '<span class="st...', '<span class="ke...')
#15 /Library/WebServer/Documents/advanced/vendor/yiisoft/yii2/validators/Validator.php(243): yii\validators\InlineValidator->validateAttribute(Object(common\models\LoginForm), '<span class="st...')
#16 /Library/WebServer/Documents/advanced/vendor/yiisoft/yii2/base/Model.php(356): yii\validators\Validator->validateAttributes(Object(common\models\LoginForm), '[<span class="s...')
#17 /Library/WebServer/Documents/advanced/common/models/LoginForm.php(58): yii\base\Model->validate()
#18 /Library/WebServer/Documents/advanced/backend/controllers/SiteController.php(68): common\models\LoginForm->login()
#19 [internal function]: backend\controllers\SiteController->actionLogin()
#20 /Library/WebServer/Documents/advanced/vendor/yiisoft/yii2/base/InlineAction.php(55): call_user_func_array('[<span class="t...', '[]')
#21 /Library/WebServer/Documents/advanced/vendor/yiisoft/yii2/base/Controller.php(154): yii\base\InlineAction->runWithParams('[<span class="s...')
#22 /Library/WebServer/Documents/advanced/vendor/yiisoft/yii2/base/Module.php(454): yii\base\Controller->runAction('<span class="st...', '[<span class="s...')
#23 /Library/WebServer/Documents/advanced/vendor/yiisoft/yii2/web/Application.php(84): yii\base\Module->runAction('<span class="st...', '[<span class="s...')
#24 /Library/WebServer/Documents/advanced/vendor/yiisoft/yii2/base/Application.php(375): yii\web\Application->handleRequest(Object(yii\web\Request))
#25 /Library/WebServer/Documents/advanced/backend/web/index.php(18): yii\base\Application->run()
#26 {main}
Additional Information:

2016-05-25 06:16:11 [::1][-][6cls645obaagsc9s26vae0n4q7][info][application] $_GET = [
    'r' => 'site/login'
]

$_POST = [
    '_csrf' => 'S1k1ME1ReTMFYGNfAyQABTguX1gEFxh0CDV8BQU4T1QCOwVgBxchYA=='
    'LoginForm' => [
        'username' => 'chizhaxiaoming'
        'password' => 'guilin920513-'
        'rememberMe' => '1'
    ]
    'login-button' => ''
]

$_COOKIE = [
    'bdshare_firstime' => '1462844290279'
    'Hm_lvt_ecd4feb5c351cc02583045a5813b5142' => '1462844284,1463365971,1463464653'
    '__utma' => '111872281.83529906.1462844285.1463555110.1463559301.8'
    '__utmz' => '111872281.1462844285.1.1.utmcsr=(direct)|utmccn=(direct)|utmcmd=(none)'
    'PHPSESSID' => '6cls645obaagsc9s26vae0n4q7'
    '_csrf' => '451a7f27397d4ae48c8f8a9844235850051cbc112a21e69a6cc8c830369ca1d2a:2:{i:0;s:5:\"_csrf\";i:1;s:32:\"N9VoNuy6swjhIFaGClI5Hi6gIb0PJFXS\";}'
]

$_SESSION = [
    '__flash' => []
    '__returnUrl' => '/advanced/backend/web/'
]

$_SERVER = [
    'HTTP_HOST' => 'localhost'
    'HTTP_CONNECTION' => 'keep-alive'
    'CONTENT_LENGTH' => '213'
    'HTTP_CACHE_CONTROL' => 'max-age=0'
    'HTTP_ACCEPT' => 'text/html,application/xhtml+xml,application/xml;q=0.9,image/webp,*/*;q=0.8'
    'HTTP_ORIGIN' => 'http://localhost'
    'HTTP_UPGRADE_INSECURE_REQUESTS' => '1'
    'HTTP_USER_AGENT' => 'Mozilla/5.0 (Macintosh; Intel Mac OS X 10_11_5) AppleWebKit/537.36 (KHTML, like Gecko) Chrome/50.0.2661.94 Safari/537.36'
    'CONTENT_TYPE' => 'application/x-www-form-urlencoded'
    'HTTP_REFERER' => 'http://localhost/advanced/backend/web/index.php?r=site%2Flogin'
    'HTTP_ACCEPT_ENCODING' => 'gzip, deflate'
    'HTTP_ACCEPT_LANGUAGE' => 'zh-CN,zh;q=0.8,en;q=0.6'
    'HTTP_COOKIE' => 'bdshare_firstime=1462844290279; Hm_lvt_ecd4feb5c351cc02583045a5813b5142=1462844284,1463365971,1463464653; __utma=111872281.83529906.1462844285.1463555110.1463559301.8; __utmz=111872281.1462844285.1.1.utmcsr=(direct)|utmccn=(direct)|utmcmd=(none); PHPSESSID=6cls645obaagsc9s26vae0n4q7; _csrf=451a7f27397d4ae48c8f8a9844235850051cbc112a21e69a6cc8c830369ca1d2a%3A2%3A%7Bi%3A0%3Bs%3A5%3A%22_csrf%22%3Bi%3A1%3Bs%3A32%3A%22N9VoNuy6swjhIFaGClI5Hi6gIb0PJFXS%22%3B%7D'
    'PATH' => '/usr/bin:/bin:/usr/sbin:/sbin'
    'SERVER_SIGNATURE' => ''
    'SERVER_SOFTWARE' => 'Apache/2.4.18 (Unix) PHP/5.5.34'
    'SERVER_NAME' => 'localhost'
    'SERVER_ADDR' => '::1'
    'SERVER_PORT' => '80'
    'REMOTE_ADDR' => '::1'
    'DOCUMENT_ROOT' => '/Library/WebServer/Documents'
    'REQUEST_SCHEME' => 'http'
    'CONTEXT_PREFIX' => ''
    'CONTEXT_DOCUMENT_ROOT' => '/Library/WebServer/Documents'
    'SERVER_ADMIN' => 'you@example.com'
    'SCRIPT_FILENAME' => '/Library/WebServer/Documents/advanced/backend/web/index.php'
    'REMOTE_PORT' => '62457'
    'GATEWAY_INTERFACE' => 'CGI/1.1'
    'SERVER_PROTOCOL' => 'HTTP/1.1'
    'REQUEST_METHOD' => 'POST'
    'QUERY_STRING' => 'r=site%2Flogin'
    'REQUEST_URI' => '/advanced/backend/web/index.php?r=site%2Flogin'
    'SCRIPT_NAME' => '/advanced/backend/web/index.php'
    'PHP_SELF' => '/advanced/backend/web/index.php'
    'REQUEST_TIME_FLOAT' => 1464156971.894
    'REQUEST_TIME' => 1464156971
]
2016-05-25 06:22:27 [::1][-][6cls645obaagsc9s26vae0n4q7][error][yii\db\Exception] exception 'PDOException' with message 'SQLSTATE[HY000] [1049] Unknown database 'advanced'' in /Library/WebServer/Documents/advanced/vendor/yiisoft/yii2/db/Connection.php:600
Stack trace:
#0 /Library/WebServer/Documents/advanced/vendor/yiisoft/yii2/db/Connection.php(600): PDO->__construct('mysql:host=127....', 'root', 'guilin920513', NULL)
#1 /Library/WebServer/Documents/advanced/vendor/yiisoft/yii2/db/Connection.php(542): yii\db\Connection->createPdoInstance()
#2 /Library/WebServer/Documents/advanced/vendor/yiisoft/yii2/db/Connection.php(858): yii\db\Connection->open()
#3 /Library/WebServer/Documents/advanced/vendor/yiisoft/yii2/db/Connection.php(845): yii\db\Connection->getMasterPdo()
#4 /Library/WebServer/Documents/advanced/vendor/yiisoft/yii2/db/Schema.php(477): yii\db\Connection->getSlavePdo()
#5 /Library/WebServer/Documents/advanced/vendor/yiisoft/yii2/db/Connection.php(754): yii\db\Schema->quoteValue('<span class="st...')
#6 /Library/WebServer/Documents/advanced/vendor/yiisoft/yii2/db/Command.php(175): yii\db\Connection->quoteValue('<span class="st...')
#7 /Library/WebServer/Documents/advanced/vendor/yiisoft/yii2/db/Command.php(809): yii\db\Command->getRawSql()
#8 /Library/WebServer/Documents/advanced/vendor/yiisoft/yii2/db/Command.php(376): yii\db\Command->queryInternal('<span class="st...', '<span class="ke...')
#9 /Library/WebServer/Documents/advanced/vendor/yiisoft/yii2/db/Query.php(247): yii\db\Command->queryOne()
#10 /Library/WebServer/Documents/advanced/vendor/yiisoft/yii2/db/ActiveQuery.php(290): yii\db\Query->one('<span class="ke...')
#11 /Library/WebServer/Documents/advanced/vendor/yiisoft/yii2/db/BaseActiveRecord.php(102): yii\db\ActiveQuery->one()
#12 /Library/WebServer/Documents/advanced/common/models/User.php(82): yii\db\BaseActiveRecord::findOne('[<span class="s...')
#13 /Library/WebServer/Documents/advanced/common/models/LoginForm.php(73): common\models\User::findByUsername('<span class="st...')
#14 /Library/WebServer/Documents/advanced/common/models/LoginForm.php(44): common\models\LoginForm->getUser()
#15 [internal function]: common\models\LoginForm->validatePassword('<span class="st...', '<span class="ke...')
#16 /Library/WebServer/Documents/advanced/vendor/yiisoft/yii2/validators/InlineValidator.php(69): call_user_func('[<span class="t...', '<span class="st...', '<span class="ke...')
#17 /Library/WebServer/Documents/advanced/vendor/yiisoft/yii2/validators/Validator.php(243): yii\validators\InlineValidator->validateAttribute(Object(common\models\LoginForm), '<span class="st...')
#18 /Library/WebServer/Documents/advanced/vendor/yiisoft/yii2/base/Model.php(356): yii\validators\Validator->validateAttributes(Object(common\models\LoginForm), '[<span class="s...')
#19 /Library/WebServer/Documents/advanced/common/models/LoginForm.php(58): yii\base\Model->validate()
#20 /Library/WebServer/Documents/advanced/backend/controllers/SiteController.php(68): common\models\LoginForm->login()
#21 [internal function]: backend\controllers\SiteController->actionLogin()
#22 /Library/WebServer/Documents/advanced/vendor/yiisoft/yii2/base/InlineAction.php(55): call_user_func_array('[<span class="t...', '[]')
#23 /Library/WebServer/Documents/advanced/vendor/yiisoft/yii2/base/Controller.php(154): yii\base\InlineAction->runWithParams('[<span class="s...')
#24 /Library/WebServer/Documents/advanced/vendor/yiisoft/yii2/base/Module.php(454): yii\base\Controller->runAction('<span class="st...', '[<span class="s...')
#25 /Library/WebServer/Documents/advanced/vendor/yiisoft/yii2/web/Application.php(84): yii\base\Module->runAction('<span class="st...', '[<span class="s...')
#26 /Library/WebServer/Documents/advanced/vendor/yiisoft/yii2/base/Application.php(375): yii\web\Application->handleRequest(Object(yii\web\Request))
#27 /Library/WebServer/Documents/advanced/backend/web/index.php(18): yii\base\Application->run()
#28 {main}

Next exception 'yii\db\Exception' with message 'SQLSTATE[HY000] [1049] Unknown database 'advanced'' in /Library/WebServer/Documents/advanced/vendor/yiisoft/yii2/db/Connection.php:547
Stack trace:
#0 /Library/WebServer/Documents/advanced/vendor/yiisoft/yii2/db/Connection.php(858): yii\db\Connection->open()
#1 /Library/WebServer/Documents/advanced/vendor/yiisoft/yii2/db/Connection.php(845): yii\db\Connection->getMasterPdo()
#2 /Library/WebServer/Documents/advanced/vendor/yiisoft/yii2/db/Schema.php(477): yii\db\Connection->getSlavePdo()
#3 /Library/WebServer/Documents/advanced/vendor/yiisoft/yii2/db/Connection.php(754): yii\db\Schema->quoteValue('<span class="st...')
#4 /Library/WebServer/Documents/advanced/vendor/yiisoft/yii2/db/Command.php(175): yii\db\Connection->quoteValue('<span class="st...')
#5 /Library/WebServer/Documents/advanced/vendor/yiisoft/yii2/db/Command.php(809): yii\db\Command->getRawSql()
#6 /Library/WebServer/Documents/advanced/vendor/yiisoft/yii2/db/Command.php(376): yii\db\Command->queryInternal('<span class="st...', '<span class="ke...')
#7 /Library/WebServer/Documents/advanced/vendor/yiisoft/yii2/db/Query.php(247): yii\db\Command->queryOne()
#8 /Library/WebServer/Documents/advanced/vendor/yiisoft/yii2/db/ActiveQuery.php(290): yii\db\Query->one('<span class="ke...')
#9 /Library/WebServer/Documents/advanced/vendor/yiisoft/yii2/db/BaseActiveRecord.php(102): yii\db\ActiveQuery->one()
#10 /Library/WebServer/Documents/advanced/common/models/User.php(82): yii\db\BaseActiveRecord::findOne('[<span class="s...')
#11 /Library/WebServer/Documents/advanced/common/models/LoginForm.php(73): common\models\User::findByUsername('<span class="st...')
#12 /Library/WebServer/Documents/advanced/common/models/LoginForm.php(44): common\models\LoginForm->getUser()
#13 [internal function]: common\models\LoginForm->validatePassword('<span class="st...', '<span class="ke...')
#14 /Library/WebServer/Documents/advanced/vendor/yiisoft/yii2/validators/InlineValidator.php(69): call_user_func('[<span class="t...', '<span class="st...', '<span class="ke...')
#15 /Library/WebServer/Documents/advanced/vendor/yiisoft/yii2/validators/Validator.php(243): yii\validators\InlineValidator->validateAttribute(Object(common\models\LoginForm), '<span class="st...')
#16 /Library/WebServer/Documents/advanced/vendor/yiisoft/yii2/base/Model.php(356): yii\validators\Validator->validateAttributes(Object(common\models\LoginForm), '[<span class="s...')
#17 /Library/WebServer/Documents/advanced/common/models/LoginForm.php(58): yii\base\Model->validate()
#18 /Library/WebServer/Documents/advanced/backend/controllers/SiteController.php(68): common\models\LoginForm->login()
#19 [internal function]: backend\controllers\SiteController->actionLogin()
#20 /Library/WebServer/Documents/advanced/vendor/yiisoft/yii2/base/InlineAction.php(55): call_user_func_array('[<span class="t...', '[]')
#21 /Library/WebServer/Documents/advanced/vendor/yiisoft/yii2/base/Controller.php(154): yii\base\InlineAction->runWithParams('[<span class="s...')
#22 /Library/WebServer/Documents/advanced/vendor/yiisoft/yii2/base/Module.php(454): yii\base\Controller->runAction('<span class="st...', '[<span class="s...')
#23 /Library/WebServer/Documents/advanced/vendor/yiisoft/yii2/web/Application.php(84): yii\base\Module->runAction('<span class="st...', '[<span class="s...')
#24 /Library/WebServer/Documents/advanced/vendor/yiisoft/yii2/base/Application.php(375): yii\web\Application->handleRequest(Object(yii\web\Request))
#25 /Library/WebServer/Documents/advanced/backend/web/index.php(18): yii\base\Application->run()
#26 {main}
Additional Information:

2016-05-25 06:22:27 [::1][-][6cls645obaagsc9s26vae0n4q7][info][application] $_GET = [
    'r' => 'site/login'
]

$_POST = [
    '_csrf' => 'S1k1ME1ReTMFYGNfAyQABTguX1gEFxh0CDV8BQU4T1QCOwVgBxchYA=='
    'LoginForm' => [
        'username' => 'chizhaxiaoming'
        'password' => 'guilin920513-'
        'rememberMe' => '1'
    ]
    'login-button' => ''
]

$_COOKIE = [
    'bdshare_firstime' => '1462844290279'
    'Hm_lvt_ecd4feb5c351cc02583045a5813b5142' => '1462844284,1463365971,1463464653'
    '__utma' => '111872281.83529906.1462844285.1463555110.1463559301.8'
    '__utmz' => '111872281.1462844285.1.1.utmcsr=(direct)|utmccn=(direct)|utmcmd=(none)'
    'PHPSESSID' => '6cls645obaagsc9s26vae0n4q7'
    '_csrf' => '451a7f27397d4ae48c8f8a9844235850051cbc112a21e69a6cc8c830369ca1d2a:2:{i:0;s:5:\"_csrf\";i:1;s:32:\"N9VoNuy6swjhIFaGClI5Hi6gIb0PJFXS\";}'
]

$_SESSION = [
    '__flash' => []
    '__returnUrl' => '/advanced/backend/web/'
]

$_SERVER = [
    'HTTP_HOST' => 'localhost'
    'HTTP_CONNECTION' => 'keep-alive'
    'CONTENT_LENGTH' => '213'
    'HTTP_CACHE_CONTROL' => 'max-age=0'
    'HTTP_ACCEPT' => 'text/html,application/xhtml+xml,application/xml;q=0.9,image/webp,*/*;q=0.8'
    'HTTP_ORIGIN' => 'http://localhost'
    'HTTP_UPGRADE_INSECURE_REQUESTS' => '1'
    'HTTP_USER_AGENT' => 'Mozilla/5.0 (Macintosh; Intel Mac OS X 10_11_5) AppleWebKit/537.36 (KHTML, like Gecko) Chrome/50.0.2661.94 Safari/537.36'
    'CONTENT_TYPE' => 'application/x-www-form-urlencoded'
    'HTTP_REFERER' => 'http://localhost/advanced/backend/web/index.php?r=site%2Flogin'
    'HTTP_ACCEPT_ENCODING' => 'gzip, deflate'
    'HTTP_ACCEPT_LANGUAGE' => 'zh-CN,zh;q=0.8,en;q=0.6'
    'HTTP_COOKIE' => 'bdshare_firstime=1462844290279; Hm_lvt_ecd4feb5c351cc02583045a5813b5142=1462844284,1463365971,1463464653; __utma=111872281.83529906.1462844285.1463555110.1463559301.8; __utmz=111872281.1462844285.1.1.utmcsr=(direct)|utmccn=(direct)|utmcmd=(none); PHPSESSID=6cls645obaagsc9s26vae0n4q7; _csrf=451a7f27397d4ae48c8f8a9844235850051cbc112a21e69a6cc8c830369ca1d2a%3A2%3A%7Bi%3A0%3Bs%3A5%3A%22_csrf%22%3Bi%3A1%3Bs%3A32%3A%22N9VoNuy6swjhIFaGClI5Hi6gIb0PJFXS%22%3B%7D'
    'PATH' => '/usr/bin:/bin:/usr/sbin:/sbin'
    'SERVER_SIGNATURE' => ''
    'SERVER_SOFTWARE' => 'Apache/2.4.18 (Unix) PHP/5.5.34'
    'SERVER_NAME' => 'localhost'
    'SERVER_ADDR' => '::1'
    'SERVER_PORT' => '80'
    'REMOTE_ADDR' => '::1'
    'DOCUMENT_ROOT' => '/Library/WebServer/Documents'
    'REQUEST_SCHEME' => 'http'
    'CONTEXT_PREFIX' => ''
    'CONTEXT_DOCUMENT_ROOT' => '/Library/WebServer/Documents'
    'SERVER_ADMIN' => 'you@example.com'
    'SCRIPT_FILENAME' => '/Library/WebServer/Documents/advanced/backend/web/index.php'
    'REMOTE_PORT' => '62624'
    'GATEWAY_INTERFACE' => 'CGI/1.1'
    'SERVER_PROTOCOL' => 'HTTP/1.1'
    'REQUEST_METHOD' => 'POST'
    'QUERY_STRING' => 'r=site%2Flogin'
    'REQUEST_URI' => '/advanced/backend/web/index.php?r=site%2Flogin'
    'SCRIPT_NAME' => '/advanced/backend/web/index.php'
    'PHP_SELF' => '/advanced/backend/web/index.php'
    'REQUEST_TIME_FLOAT' => 1464157347.888
    'REQUEST_TIME' => 1464157347
]
